<?xml version="1.0" encoding="UTF-8"?>
<robot generator="Robot 7.1 (Python 3.13.0 on win32)" generated="2024-10-10T09:53:49.982186" rpa="false" schemaversion="5">
<suite id="s1" name="Primeiro Teste" source="E:\Apps\Projetos\robot-framework\primeiro_teste.robot">
<test id="s1-t1" name="Abrir navegador e acessar o site do organo" line="5">
<kw name="Open Browser" owner="SeleniumLibrary">
<msg time="2024-10-10T09:53:50.071613" level="INFO">Opening browser 'Chrome' to base url 'http://localhost:3000'.</msg>
<arg>url=http://localhost:3000</arg>
<arg>browser=Chrome</arg>
<doc>Opens a new browser instance to the optional ``url``.</doc>
<status status="PASS" start="2024-10-10T09:53:50.071443" elapsed="2.047458"/>
</kw>
<status status="PASS" start="2024-10-10T09:53:50.070890" elapsed="2.048265"/>
</test>
<status status="PASS" start="2024-10-10T09:53:49.982901" elapsed="2.136799"/>
</suite>
<statistics>
<total>
<stat pass="1" fail="0" skip="0">All Tests</stat>
</total>
<tag>
</tag>
<suite>
<stat pass="1" fail="0" skip="0" id="s1" name="Primeiro Teste">Primeiro Teste</stat>
</suite>
</statistics>
<errors>
</errors>
</robot>
